<?xml version="1.0" encoding="UTF-8"?>
<!-- Generated by org.testng.reporters.JUnitReportReporter -->
<testsuite hostname="TomTom" failures="0" tests="8" name="Practice.Self.DataProviderRealPractice" time="0.017" errors="0" timestamp="2021-12-04T17:36:37 PKT" skipped="2">
  <testcase classname="Practice.Self.DataProviderRealPractice" name="testmethod" time="0.001"/>
  <system-out/>
  <testcase classname="Practice.Self.DataProviderRealPractice" name="testmethod" time="0.007"/>
  <system-out/>
  <testcase classname="Practice.Self.DataProviderRealPractice" name="testmethod" time="0.001"/>
  <system-out/>
  <testcase classname="Practice.Self.DataProviderRealPractice" name="testmethod2" time="0.001"/>
  <system-out/>
  <testcase classname="Practice.Self.DataProviderRealPractice" name="testmethod2" time="0.002"/>
  <system-out/>
  <testcase classname="Practice.Self.DataProviderRealPractice" name="testmethod2" time="0.005"/>
  <system-out/>
  <testcase classname="Practice.Self.DataProviderRealPractice" name="Test">
    <skipped/>
  </testcase> <!-- Test -->
  <system-out/>
  <testcase classname="Practice.Self.DataProviderRealPractice" name="Test1">
    <skipped/>
  </testcase> <!-- Test1 -->
  <system-out/>
</testsuite> <!-- Practice.Self.DataProviderRealPractice -->
