<?xml version="1.0" encoding="UTF-8"?>
<!-- Generated by org.testng.reporters.JUnitReportReporter -->
<testsuite hostname="TomTom" failures="0" tests="5" name="Practice.Self.GroupsTestNG" time="0.013" errors="0" timestamp="2021-12-04T18:06:56 PKT" skipped="0">
  <testcase classname="Practice.Self.GroupsTestNG" name="profilepic" time="0.002"/>
  <system-out/>
  <testcase classname="Practice.Self.GroupsTestNG" name="profilepostarticle" time="0.002"/>
  <system-out/>
  <testcase classname="Practice.Self.GroupsTestNG" name="logout" time="0.004"/>
  <system-out/>
  <testcase classname="Practice.Self.GroupsTestNG" name="login" time="0.004"/>
  <system-out/>
  <testcase classname="Practice.Self.GroupsTestNG" name="login" time="0.001"/>
  <system-out/>
</testsuite> <!-- Practice.Self.GroupsTestNG -->
