<?xml version="1.0" encoding="UTF-8"?>
<!-- Generated by org.testng.reporters.JUnitReportReporter -->
<testsuite hostname="TomTom" failures="0" tests="3" name="Practice.Self.DataProviderPractice" time="31.794" errors="0" timestamp="2021-12-04T17:35:25 PKT" skipped="0">
  <testcase classname="Practice.Self.DataProviderPractice" name="Test1" time="4.364"/>
  <system-out/>
  <testcase classname="Practice.Self.DataProviderPractice" name="Test1" time="22.809"/>
  <system-out/>
  <testcase classname="Practice.Self.DataProviderPractice" name="Test1" time="4.621"/>
  <system-out/>
</testsuite> <!-- Practice.Self.DataProviderPractice -->
