<?xml version="1.0" encoding="UTF-8"?>
<!-- Generated by org.testng.reporters.JUnitReportReporter -->
<testsuite hostname="DESKTOP-CC15419" failures="0" tests="1" name="Practice.Self.verifyTitle" time="16.270" errors="0" timestamp="2022-01-01T07:43:31 PST" skipped="0">
  <testcase classname="Practice.Self.verifyTitle" name="title" time="16.270"/>
  <system-out/>
</testsuite> <!-- Practice.Self.verifyTitle -->
