<?xml version="1.0" encoding="UTF-8"?>
<!-- Generated by org.testng.reporters.JUnitReportReporter -->
<testsuite hostname="TomTom" failures="0" tests="6" name="Practice.Self.DataProviderTestNG" time="0.018" errors="0" timestamp="2021-12-04T17:37:37 PKT" skipped="0">
  <testcase classname="Practice.Self.DataProviderTestNG" name="Test" time="0.001"/>
  <system-out/>
  <testcase classname="Practice.Self.DataProviderTestNG" name="Test" time="0.001"/>
  <system-out/>
  <testcase classname="Practice.Self.DataProviderTestNG" name="Test1" time="0.002"/>
  <system-out/>
  <testcase classname="Practice.Self.DataProviderTestNG" name="Test" time="0.007"/>
  <system-out/>
  <testcase classname="Practice.Self.DataProviderTestNG" name="Test1" time="0.002"/>
  <system-out/>
  <testcase classname="Practice.Self.DataProviderTestNG" name="Test1" time="0.005"/>
  <system-out/>
</testsuite> <!-- Practice.Self.DataProviderTestNG -->
