<?xml version="1.0" encoding="UTF-8"?>
<!-- Generated by org.testng.reporters.JUnitReportReporter -->
<testsuite hostname="TomTom" failures="0" tests="1" name="TestNgDemo" time="0.010" errors="0" timestamp="2021-12-04T17:13:25 PKT" skipped="0">
  <testcase classname="TestNgDemo" name="demo" time="0.010"/>
  <system-out/>
</testsuite> <!-- TestNgDemo -->
