<?xml version="1.0" encoding="UTF-8"?>
<!-- Generated by org.testng.reporters.JUnitReportReporter -->
<testsuite hostname="TomTom" failures="0" tests="3" name="Practice.Self.SkipDemoTest" time="0.011" errors="0" timestamp="2021-12-04T17:42:19 PKT" skipped="3">
  <testcase classname="Practice.Self.SkipDemoTest" name="skipDemo3" time="0.002">
    <skipped/>
  </testcase> <!-- skipDemo3 -->
  <system-out/>
  <testcase classname="Practice.Self.SkipDemoTest" name="SkipDemo2" time="0.009">
    <skipped/>
  </testcase> <!-- SkipDemo2 -->
  <system-out/>
  <testcase classname="Practice.Self.SkipDemoTest" name="SkipDemo">
    <skipped/>
  </testcase> <!-- SkipDemo -->
  <system-out/>
</testsuite> <!-- Practice.Self.SkipDemoTest -->
