<?xml version="1.0" encoding="UTF-8"?>
<!-- Generated by org.testng.reporters.JUnitReportReporter -->
<testsuite hostname="DESKTOP-CC15419" failures="0" tests="5" name="Practice.Self.GroupsTestNG" time="0.019" errors="0" timestamp="2022-01-01T07:43:31 PST" skipped="0">
  <testcase classname="Practice.Self.GroupsTestNG" name="profilepic" time="0.003"/>
  <system-out/>
  <testcase classname="Practice.Self.GroupsTestNG" name="profilepostarticle" time="0.007"/>
  <system-out/>
  <testcase classname="Practice.Self.GroupsTestNG" name="logout" time="0.003"/>
  <system-out/>
  <testcase classname="Practice.Self.GroupsTestNG" name="login" time="0.001"/>
  <system-out/>
  <testcase classname="Practice.Self.GroupsTestNG" name="login" time="0.005"/>
  <system-out/>
</testsuite> <!-- Practice.Self.GroupsTestNG -->
