<?xml version="1.0" encoding="UTF-8"?>
<!-- Generated by org.testng.reporters.JUnitReportReporter -->
<testsuite hostname="TomTom" failures="0" tests="1" name="Practice.Self.verifyTitle" time="6.974" errors="0" timestamp="2021-12-04T18:06:56 PKT" skipped="0">
  <testcase classname="Practice.Self.verifyTitle" name="title" time="6.974"/>
  <system-out/>
</testsuite> <!-- Practice.Self.verifyTitle -->
