<?xml version="1.0" encoding="UTF-8"?>
<!-- Generated by org.testng.reporters.JUnitReportReporter -->
<testsuite hostname="TomTom" failures="0" tests="1" name="Practice.Self.TestNgXMLparameter" time="7.205" errors="0" timestamp="2021-12-04T17:59:47 PKT" skipped="0">
  <testcase classname="Practice.Self.TestNgXMLparameter" name="launchApplication" time="7.205"/>
  <system-out/>
</testsuite> <!-- Practice.Self.TestNgXMLparameter -->
