<?xml version="1.0" encoding="UTF-8"?>
<!-- Generated by org.testng.reporters.JUnitReportReporter -->
<testsuite hostname="TomTom" failures="0" tests="4" name="Practice.Self.TestNgLog" time="0.034" errors="0" timestamp="2021-12-04T17:43:32 PKT" skipped="0">
  <testcase classname="Practice.Self.TestNgLog" name="alogout" time="0.009"/>
  <system-out/>
  <testcase classname="Practice.Self.TestNgLog" name="blogin" time="0.002"/>
  <system-out/>
  <testcase classname="Practice.Self.TestNgLog" name="dlogin" time="0.014"/>
  <system-out/>
  <testcase classname="Practice.Self.TestNgLog" name="clogin" time="0.009"/>
  <system-out/>
</testsuite> <!-- Practice.Self.TestNgLog -->
